2024-12-30 17:05:36,790 - backend - DEBUG - Got request from client to /models
2024-12-30 17:05:42,962 - backend - DEBUG - Got request from client to /participants
2024-12-30 17:05:57,311 - backend - DEBUG - Got request from client to /predict
2024-12-30 17:06:06,856 - backend - DEBUG - Got request from client to /set_model
2024-12-30 17:06:20,233 - backend - DEBUG - Got request from client to /predict
2024-12-30 17:06:23,158 - backend - DEBUG - Got request from client to /predict
2024-12-30 17:06:28,522 - backend - DEBUG - Got request from client to /set_model
2024-12-31 02:34:44,663 - backend - DEBUG - Got request from client to /fit
2024-12-31 02:58:02,804 - backend - DEBUG - Got request from client to /fit
2024-12-31 02:58:25,389 - backend - DEBUG - Got request from client to /set_model
2024-12-31 02:58:36,484 - backend - DEBUG - Got request from client to /models
2024-12-31 02:59:02,151 - backend - DEBUG - Got request from client to /models
2024-12-31 03:01:29,107 - backend - DEBUG - Got request from client to /set_model
2024-12-31 03:01:33,852 - backend - DEBUG - Got request from client to /models
2024-12-31 03:01:41,692 - backend - DEBUG - Got request from client to /predict
2024-12-31 03:02:31,907 - backend - DEBUG - Got request from client to /predict
2024-12-31 03:02:45,133 - backend - DEBUG - Got request from client to /predict
2024-12-31 03:02:54,905 - backend - DEBUG - Got request from client to /models
2024-12-31 03:02:59,011 - backend - DEBUG - Got request from client to /predict
2024-12-31 03:03:05,227 - backend - DEBUG - Got request from client to /predict
2024-12-31 03:03:15,770 - backend - DEBUG - Got request from client to /predict
2024-12-31 03:03:29,410 - backend - DEBUG - Got request from client to /predict
2024-12-31 03:03:52,840 - backend - DEBUG - Got request from client to /predict
2024-12-31 03:03:57,120 - backend - DEBUG - Got request from client to /predict
2024-12-31 03:04:47,213 - backend - DEBUG - Got request from client to /set_model
2024-12-31 03:04:53,623 - backend - DEBUG - Got request from client to /predict
