2024-12-26 19:31:24,629 - frontend - DEBUG - Changed input forms
2024-12-26 19:31:29,127 - frontend - DEBUG - Changed input forms
2024-12-26 19:31:30,194 - frontend - DEBUG - Changed input forms
2024-12-26 19:31:30,195 - frontend - DEBUG - Predict button clicked
2024-12-26 19:31:30,195 - frontend - DEBUG - Attempting API call to /predict
2024-12-26 19:31:30,198 - frontend - DEBUG - Got response from API for /predict
2024-12-26 19:31:30,199 - frontend - DEBUG - Write result for /predict
2024-12-26 19:31:35,331 - frontend - DEBUG - Uplodead CSV file
2024-12-26 19:31:38,237 - frontend - DEBUG - Changed input forms
2024-12-26 19:31:41,896 - frontend - DEBUG - Changed input forms
2024-12-26 19:31:41,898 - frontend - DEBUG - Predict proba button clicked
2024-12-26 19:31:41,898 - frontend - DEBUG - Attempting API call to /predict_proba
2024-12-26 19:31:41,900 - frontend - DEBUG - Got response from API for /predict_proba
2024-12-26 19:31:41,901 - frontend - DEBUG - Write result for /predict_proba
2024-12-26 19:31:45,492 - frontend - DEBUG - Changed input forms
2024-12-26 19:31:45,493 - frontend - DEBUG - Metrics button clicked
2024-12-26 19:31:45,493 - frontend - DEBUG - Attempting API call to /metrics
2024-12-26 19:31:45,495 - frontend - DEBUG - Got response from API for /metrics
2024-12-26 19:31:45,496 - frontend - DEBUG - Write result for /metrics
2024-12-26 19:31:46,981 - frontend - DEBUG - Changed input forms
2024-12-26 19:31:46,983 - frontend - DEBUG - Participants button clicked
2024-12-26 19:31:46,983 - frontend - DEBUG - Attempting API call to /participants
2024-12-26 19:31:46,989 - frontend - DEBUG - Got response from API for /participants
2024-12-26 19:31:46,990 - frontend - DEBUG - Write result for /participants
